[2015-03-17 20:50:04] request.ERROR: Uncaught PHP Exception Symfony\Component\HttpKernel\Exception\NotFoundHttpException: "No route found for "GET /" (from "http://localhost/idylla/")" at C:\wamp\www\idylla\vendor\symfony\symfony\src\Symfony\Component\HttpKernel\EventListener\RouterListener.php line 145 {"exception":"[object] (Symfony\\Component\\HttpKernel\\Exception\\NotFoundHttpException(code: 0): No route found for \"GET /\" (from \"http://localhost/idylla/\") at C:\\wamp\\www\\idylla\\vendor\\symfony\\symfony\\src\\Symfony\\Component\\HttpKernel\\EventListener\\RouterListener.php:145, Symfony\\Component\\Routing\\Exception\\ResourceNotFoundException(code: 0):  at C:\\wamp\\www\\idylla\\app\\cache\\prod\\appProdUrlMatcher.php:35)"} []
[2015-03-18 19:46:54] request.ERROR: Uncaught PHP Exception Symfony\Component\HttpKernel\Exception\NotFoundHttpException: "No route found for "GET /" (from "http://localhost/idylla/")" at C:\wamp\www\idylla\vendor\symfony\symfony\src\Symfony\Component\HttpKernel\EventListener\RouterListener.php line 145 {"exception":"[object] (Symfony\\Component\\HttpKernel\\Exception\\NotFoundHttpException(code: 0): No route found for \"GET /\" (from \"http://localhost/idylla/\") at C:\\wamp\\www\\idylla\\vendor\\symfony\\symfony\\src\\Symfony\\Component\\HttpKernel\\EventListener\\RouterListener.php:145, Symfony\\Component\\Routing\\Exception\\ResourceNotFoundException(code: 0):  at C:\\wamp\\www\\idylla\\app\\cache\\prod\\appProdUrlMatcher.php:35)"} []
[2015-03-18 19:54:09] request.ERROR: Uncaught PHP Exception Symfony\Component\HttpKernel\Exception\NotFoundHttpException: "No route found for "GET /" (from "http://localhost/idylla/")" at C:\wamp\www\idylla\vendor\symfony\symfony\src\Symfony\Component\HttpKernel\EventListener\RouterListener.php line 145 {"exception":"[object] (Symfony\\Component\\HttpKernel\\Exception\\NotFoundHttpException(code: 0): No route found for \"GET /\" (from \"http://localhost/idylla/\") at C:\\wamp\\www\\idylla\\vendor\\symfony\\symfony\\src\\Symfony\\Component\\HttpKernel\\EventListener\\RouterListener.php:145, Symfony\\Component\\Routing\\Exception\\ResourceNotFoundException(code: 0):  at C:\\wamp\\www\\idylla\\app\\cache\\prod\\appProdUrlMatcher.php:35)"} []
[2015-03-18 19:55:09] request.ERROR: Uncaught PHP Exception Symfony\Component\HttpKernel\Exception\NotFoundHttpException: "No route found for "GET /" (from "http://localhost/idylla/")" at C:\wamp\www\idylla\app\cache\prod\classes.php line 2420 {"exception":"[object] (Symfony\\Component\\HttpKernel\\Exception\\NotFoundHttpException(code: 0): No route found for \"GET /\" (from \"http://localhost/idylla/\") at C:\\wamp\\www\\idylla\\app\\cache\\prod\\classes.php:2420, Symfony\\Component\\Routing\\Exception\\ResourceNotFoundException(code: 0):  at C:\\wamp\\www\\idylla\\app\\cache\\prod\\appProdUrlMatcher.php:35)"} []
[2015-03-18 20:00:12] request.ERROR: Uncaught PHP Exception Symfony\Component\HttpKernel\Exception\NotFoundHttpException: "No route found for "GET /" (from "http://localhost/idylla/")" at C:\wamp\www\idylla\app\cache\prod\classes.php line 2420 {"exception":"[object] (Symfony\\Component\\HttpKernel\\Exception\\NotFoundHttpException(code: 0): No route found for \"GET /\" (from \"http://localhost/idylla/\") at C:\\wamp\\www\\idylla\\app\\cache\\prod\\classes.php:2420, Symfony\\Component\\Routing\\Exception\\ResourceNotFoundException(code: 0):  at C:\\wamp\\www\\idylla\\app\\cache\\prod\\appProdUrlMatcher.php:35)"} []
[2015-03-18 20:02:06] request.ERROR: Uncaught PHP Exception Symfony\Component\HttpKernel\Exception\NotFoundHttpException: "No route found for "GET /" (from "http://localhost/idylla/")" at C:\wamp\www\idylla\app\cache\prod\classes.php line 2420 {"exception":"[object] (Symfony\\Component\\HttpKernel\\Exception\\NotFoundHttpException(code: 0): No route found for \"GET /\" (from \"http://localhost/idylla/\") at C:\\wamp\\www\\idylla\\app\\cache\\prod\\classes.php:2420, Symfony\\Component\\Routing\\Exception\\ResourceNotFoundException(code: 0):  at C:\\wamp\\www\\idylla\\app\\cache\\prod\\appProdUrlMatcher.php:35)"} []
[2015-03-18 20:02:42] request.ERROR: Uncaught PHP Exception Symfony\Component\HttpKernel\Exception\NotFoundHttpException: "No route found for "GET /"" at C:\wamp\www\idylla\app\cache\prod\classes.php line 2420 {"exception":"[object] (Symfony\\Component\\HttpKernel\\Exception\\NotFoundHttpException(code: 0): No route found for \"GET /\" at C:\\wamp\\www\\idylla\\app\\cache\\prod\\classes.php:2420, Symfony\\Component\\Routing\\Exception\\ResourceNotFoundException(code: 0):  at C:\\wamp\\www\\idylla\\app\\cache\\prod\\appProdUrlMatcher.php:35)"} []
[2015-03-18 20:07:15] request.ERROR: Uncaught PHP Exception Symfony\Component\HttpKernel\Exception\NotFoundHttpException: "No route found for "GET /"" at C:\wamp\www\idylla\app\cache\prod\classes.php line 2420 {"exception":"[object] (Symfony\\Component\\HttpKernel\\Exception\\NotFoundHttpException(code: 0): No route found for \"GET /\" at C:\\wamp\\www\\idylla\\app\\cache\\prod\\classes.php:2420, Symfony\\Component\\Routing\\Exception\\ResourceNotFoundException(code: 0):  at C:\\wamp\\www\\idylla\\app\\cache\\prod\\appProdUrlMatcher.php:35)"} []
[2015-03-18 23:06:56] request.ERROR: Uncaught PHP Exception Symfony\Component\HttpKernel\Exception\NotFoundHttpException: "No route found for "GET /"" at C:\wamp\www\idylla\app\cache\prod\classes.php line 2420 {"exception":"[object] (Symfony\\Component\\HttpKernel\\Exception\\NotFoundHttpException(code: 0): No route found for \"GET /\" at C:\\wamp\\www\\idylla\\app\\cache\\prod\\classes.php:2420, Symfony\\Component\\Routing\\Exception\\ResourceNotFoundException(code: 0):  at C:\\wamp\\www\\idylla\\app\\cache\\prod\\appProdUrlMatcher.php:35)"} []
[2015-03-18 23:07:10] request.ERROR: Uncaught PHP Exception Symfony\Component\HttpKernel\Exception\NotFoundHttpException: "No route found for "GET /" (from "http://localhost/idylla/")" at C:\wamp\www\idylla\app\cache\prod\classes.php line 2420 {"exception":"[object] (Symfony\\Component\\HttpKernel\\Exception\\NotFoundHttpException(code: 0): No route found for \"GET /\" (from \"http://localhost/idylla/\") at C:\\wamp\\www\\idylla\\app\\cache\\prod\\classes.php:2420, Symfony\\Component\\Routing\\Exception\\ResourceNotFoundException(code: 0):  at C:\\wamp\\www\\idylla\\app\\cache\\prod\\appProdUrlMatcher.php:35)"} []
[2015-03-18 23:21:23] request.ERROR: Uncaught PHP Exception Symfony\Component\HttpKernel\Exception\NotFoundHttpException: "No route found for "GET /"" at C:\wamp\www\idylla\app\cache\prod\classes.php line 2420 {"exception":"[object] (Symfony\\Component\\HttpKernel\\Exception\\NotFoundHttpException(code: 0): No route found for \"GET /\" at C:\\wamp\\www\\idylla\\app\\cache\\prod\\classes.php:2420, Symfony\\Component\\Routing\\Exception\\ResourceNotFoundException(code: 0):  at C:\\wamp\\www\\idylla\\app\\cache\\prod\\appProdUrlMatcher.php:35)"} []
[2015-03-18 23:21:32] request.ERROR: Uncaught PHP Exception Symfony\Component\HttpKernel\Exception\NotFoundHttpException: "No route found for "GET /"" at C:\wamp\www\idylla\app\cache\prod\classes.php line 2420 {"exception":"[object] (Symfony\\Component\\HttpKernel\\Exception\\NotFoundHttpException(code: 0): No route found for \"GET /\" at C:\\wamp\\www\\idylla\\app\\cache\\prod\\classes.php:2420, Symfony\\Component\\Routing\\Exception\\ResourceNotFoundException(code: 0):  at C:\\wamp\\www\\idylla\\app\\cache\\prod\\appProdUrlMatcher.php:35)"} []
[2015-03-18 23:21:36] request.ERROR: Uncaught PHP Exception Symfony\Component\HttpKernel\Exception\NotFoundHttpException: "No route found for "GET /"" at C:\wamp\www\idylla\app\cache\prod\classes.php line 2420 {"exception":"[object] (Symfony\\Component\\HttpKernel\\Exception\\NotFoundHttpException(code: 0): No route found for \"GET /\" at C:\\wamp\\www\\idylla\\app\\cache\\prod\\classes.php:2420, Symfony\\Component\\Routing\\Exception\\ResourceNotFoundException(code: 0):  at C:\\wamp\\www\\idylla\\app\\cache\\prod\\appProdUrlMatcher.php:35)"} []
[2015-03-19 17:49:13] request.ERROR: Uncaught PHP Exception Symfony\Component\HttpKernel\Exception\NotFoundHttpException: "No route found for "GET /"" at C:\wamp\www\idylla\app\cache\prod\classes.php line 2420 {"exception":"[object] (Symfony\\Component\\HttpKernel\\Exception\\NotFoundHttpException(code: 0): No route found for \"GET /\" at C:\\wamp\\www\\idylla\\app\\cache\\prod\\classes.php:2420, Symfony\\Component\\Routing\\Exception\\ResourceNotFoundException(code: 0):  at C:\\wamp\\www\\idylla\\app\\cache\\prod\\appProdUrlMatcher.php:35)"} []
[2015-03-19 18:45:10] request.ERROR: Uncaught PHP Exception Symfony\Component\HttpKernel\Exception\NotFoundHttpException: "No route found for "GET /"" at C:\wamp\www\idylla\app\cache\prod\classes.php line 2420 {"exception":"[object] (Symfony\\Component\\HttpKernel\\Exception\\NotFoundHttpException(code: 0): No route found for \"GET /\" at C:\\wamp\\www\\idylla\\app\\cache\\prod\\classes.php:2420, Symfony\\Component\\Routing\\Exception\\ResourceNotFoundException(code: 0):  at C:\\wamp\\www\\idylla\\app\\cache\\prod\\appProdUrlMatcher.php:35)"} []
[2015-03-19 19:25:56] request.ERROR: Uncaught PHP Exception Symfony\Component\HttpKernel\Exception\NotFoundHttpException: "No route found for "GET /"" at C:\wamp\www\idylla\app\cache\prod\classes.php line 2420 {"exception":"[object] (Symfony\\Component\\HttpKernel\\Exception\\NotFoundHttpException(code: 0): No route found for \"GET /\" at C:\\wamp\\www\\idylla\\app\\cache\\prod\\classes.php:2420, Symfony\\Component\\Routing\\Exception\\ResourceNotFoundException(code: 0):  at C:\\wamp\\www\\idylla\\app\\cache\\prod\\appProdUrlMatcher.php:35)"} []
[2015-03-19 19:46:44] request.ERROR: Uncaught PHP Exception Symfony\Component\HttpKernel\Exception\NotFoundHttpException: "No route found for "GET /"" at C:\wamp\www\idylla\app\cache\prod\classes.php line 2420 {"exception":"[object] (Symfony\\Component\\HttpKernel\\Exception\\NotFoundHttpException(code: 0): No route found for \"GET /\" at C:\\wamp\\www\\idylla\\app\\cache\\prod\\classes.php:2420, Symfony\\Component\\Routing\\Exception\\ResourceNotFoundException(code: 0):  at C:\\wamp\\www\\idylla\\app\\cache\\prod\\appProdUrlMatcher.php:35)"} []
[2015-03-19 19:47:14] request.CRITICAL: Uncaught PHP Exception Symfony\Component\Config\Exception\FileLoaderLoadException: "Bundle "WebProfilerBundle" does not exist or it is not enabled. Maybe you forgot to add it in the registerBundles() method of your AppKernel.php file? in @WebProfilerBundle/Resources/config/routing/wdt.xml (which is being imported from "C:\wamp\www\idylla\app/config/routing.yml"). Make sure the "WebProfilerBundle/Resources/config/routing/wdt.xml" bundle is correctly registered and loaded in the application kernel class." at C:\wamp\www\idylla\vendor\symfony\symfony\src\Symfony\Component\Config\Loader\FileLoader.php line 120 {"exception":"[object] (Symfony\\Component\\Config\\Exception\\FileLoaderLoadException(code: 0): Bundle \"WebProfilerBundle\" does not exist or it is not enabled. Maybe you forgot to add it in the registerBundles() method of your AppKernel.php file? in @WebProfilerBundle/Resources/config/routing/wdt.xml (which is being imported from \"C:\\wamp\\www\\idylla\\app/config/routing.yml\"). Make sure the \"WebProfilerBundle/Resources/config/routing/wdt.xml\" bundle is correctly registered and loaded in the application kernel class. at C:\\wamp\\www\\idylla\\vendor\\symfony\\symfony\\src\\Symfony\\Component\\Config\\Loader\\FileLoader.php:120, InvalidArgumentException(code: 0): Bundle \"WebProfilerBundle\" does not exist or it is not enabled. Maybe you forgot to add it in the registerBundles() method of your AppKernel.php file? at C:\\wamp\\www\\idylla\\app\\bootstrap.php.cache:2399)"} []
[2015-03-19 19:47:14] event.DEBUG: Notified event "kernel.request" to listener "Symfony\Component\EventDispatcher\Debug\WrappedListener::__invoke". [] []
[2015-03-19 19:47:14] event.DEBUG: Notified event "kernel.request" to listener "Symfony\Component\EventDispatcher\Debug\WrappedListener::__invoke". [] []
[2015-03-19 19:47:14] event.DEBUG: Notified event "kernel.request" to listener "Symfony\Component\EventDispatcher\Debug\WrappedListener::__invoke". [] []
[2015-03-19 19:47:14] event.DEBUG: Notified event "kernel.request" to listener "Symfony\Component\EventDispatcher\Debug\WrappedListener::__invoke". [] []
[2015-03-19 19:47:14] event.DEBUG: Notified event "kernel.request" to listener "Symfony\Component\EventDispatcher\Debug\WrappedListener::__invoke". [] []
[2015-03-19 19:47:14] event.DEBUG: Notified event "kernel.request" to listener "Symfony\Component\EventDispatcher\Debug\WrappedListener::__invoke". [] []
[2015-03-19 19:47:14] event.DEBUG: Notified event "kernel.request" to listener "Symfony\Component\EventDispatcher\Debug\WrappedListener::__invoke". [] []
[2015-03-19 19:47:14] event.DEBUG: Notified event "kernel.controller" to listener "Acme\DemoBundle\EventListener\ControllerListener::onKernelController". [] []
[2015-03-19 19:47:14] event.DEBUG: Notified event "kernel.controller" to listener "Sensio\Bundle\FrameworkExtraBundle\EventListener\ControllerListener::onKernelController". [] []
[2015-03-19 19:47:14] event.DEBUG: Notified event "kernel.controller" to listener "Sensio\Bundle\FrameworkExtraBundle\EventListener\ParamConverterListener::onKernelController". [] []
[2015-03-19 19:47:14] event.DEBUG: Notified event "kernel.controller" to listener "Sensio\Bundle\FrameworkExtraBundle\EventListener\HttpCacheListener::onKernelController". [] []
[2015-03-19 19:47:14] event.DEBUG: Notified event "kernel.controller" to listener "Sensio\Bundle\FrameworkExtraBundle\EventListener\SecurityListener::onKernelController". [] []
[2015-03-19 19:47:14] event.DEBUG: Notified event "kernel.controller" to listener "Sensio\Bundle\FrameworkExtraBundle\EventListener\TemplateListener::onKernelController". [] []
[2015-03-19 19:47:16] event.DEBUG: Notified event "kernel.response" to listener "Symfony\Component\HttpKernel\EventListener\ResponseListener::onKernelResponse". [] []
[2015-03-19 19:47:16] event.DEBUG: Notified event "kernel.response" to listener "Symfony\Component\Security\Http\RememberMe\ResponseListener::onKernelResponse". [] []
[2015-03-19 19:47:16] event.DEBUG: Notified event "kernel.response" to listener "Sensio\Bundle\FrameworkExtraBundle\EventListener\HttpCacheListener::onKernelResponse". [] []
[2015-03-19 19:47:16] event.DEBUG: Notified event "kernel.response" to listener "Symfony\Component\HttpKernel\EventListener\SaveSessionListener::onKernelResponse". [] []
[2015-03-19 19:47:16] event.DEBUG: Notified event "kernel.response" to listener "Symfony\Component\HttpKernel\EventListener\StreamedResponseListener::onKernelResponse". [] []
[2015-03-19 19:47:16] event.DEBUG: Notified event "kernel.finish_request" to listener "Symfony\Component\HttpKernel\EventListener\LocaleListener::onKernelFinishRequest". [] []
[2015-03-19 19:47:16] event.DEBUG: Notified event "kernel.finish_request" to listener "Symfony\Component\HttpKernel\EventListener\TranslatorListener::onKernelFinishRequest". [] []
[2015-03-19 19:47:16] event.DEBUG: Notified event "kernel.finish_request" to listener "Symfony\Component\HttpKernel\EventListener\RouterListener::onKernelFinishRequest". [] []
[2015-03-19 19:47:16] event.DEBUG: Notified event "kernel.finish_request" to listener "Symfony\Component\Security\Http\Firewall::onKernelFinishRequest". [] []
[2015-03-19 19:47:16] event.DEBUG: Notified event "kernel.exception" to listener "Symfony\Component\HttpKernel\EventListener\ExceptionListener::onKernelException". [] []
[2015-03-19 19:47:16] event.DEBUG: Listener "Symfony\Component\HttpKernel\EventListener\ExceptionListener::onKernelException" stopped propagation of the event "kernel.exception". [] []
[2015-03-19 19:47:16] event.DEBUG: Notified event "kernel.response" to listener "Symfony\Component\HttpKernel\EventListener\ResponseListener::onKernelResponse". [] []
[2015-03-19 19:47:16] event.DEBUG: Notified event "kernel.response" to listener "Symfony\Component\Security\Http\RememberMe\ResponseListener::onKernelResponse". [] []
[2015-03-19 19:47:16] event.DEBUG: Notified event "kernel.response" to listener "Sensio\Bundle\FrameworkExtraBundle\EventListener\HttpCacheListener::onKernelResponse". [] []
[2015-03-19 19:47:16] event.DEBUG: Notified event "kernel.response" to listener "Symfony\Component\HttpKernel\EventListener\SaveSessionListener::onKernelResponse". [] []
[2015-03-19 19:47:16] event.DEBUG: Notified event "kernel.response" to listener "Symfony\Component\HttpKernel\EventListener\StreamedResponseListener::onKernelResponse". [] []
[2015-03-19 19:47:16] event.DEBUG: Notified event "kernel.finish_request" to listener "Symfony\Component\HttpKernel\EventListener\LocaleListener::onKernelFinishRequest". [] []
[2015-03-19 19:47:16] event.DEBUG: Notified event "kernel.finish_request" to listener "Symfony\Component\HttpKernel\EventListener\TranslatorListener::onKernelFinishRequest". [] []
[2015-03-19 19:47:16] event.DEBUG: Notified event "kernel.finish_request" to listener "Symfony\Component\HttpKernel\EventListener\RouterListener::onKernelFinishRequest". [] []
[2015-03-19 19:47:16] event.DEBUG: Notified event "kernel.finish_request" to listener "Symfony\Component\Security\Http\Firewall::onKernelFinishRequest". [] []
[2015-03-19 19:47:16] event.DEBUG: Notified event "kernel.terminate" to listener "Symfony\Bundle\SwiftmailerBundle\EventListener\EmailSenderListener::onTerminate". [] []
[2015-03-19 20:04:42] request.CRITICAL: Uncaught PHP Exception Symfony\Component\Config\Exception\FileLoaderLoadException: "Bundle "WebProfilerBundle" does not exist or it is not enabled. Maybe you forgot to add it in the registerBundles() method of your AppKernel.php file? in @WebProfilerBundle/Resources/config/routing/wdt.xml (which is being imported from "C:\wamp\www\idylla\app/config/routing.yml"). Make sure the "WebProfilerBundle/Resources/config/routing/wdt.xml" bundle is correctly registered and loaded in the application kernel class." at C:\wamp\www\idylla\vendor\symfony\symfony\src\Symfony\Component\Config\Loader\FileLoader.php line 120 {"exception":"[object] (Symfony\\Component\\Config\\Exception\\FileLoaderLoadException(code: 0): Bundle \"WebProfilerBundle\" does not exist or it is not enabled. Maybe you forgot to add it in the registerBundles() method of your AppKernel.php file? in @WebProfilerBundle/Resources/config/routing/wdt.xml (which is being imported from \"C:\\wamp\\www\\idylla\\app/config/routing.yml\"). Make sure the \"WebProfilerBundle/Resources/config/routing/wdt.xml\" bundle is correctly registered and loaded in the application kernel class. at C:\\wamp\\www\\idylla\\vendor\\symfony\\symfony\\src\\Symfony\\Component\\Config\\Loader\\FileLoader.php:120, InvalidArgumentException(code: 0): Bundle \"WebProfilerBundle\" does not exist or it is not enabled. Maybe you forgot to add it in the registerBundles() method of your AppKernel.php file? at C:\\wamp\\www\\idylla\\app\\bootstrap.php.cache:2399)"} []
[2015-03-19 20:04:42] event.DEBUG: Notified event "kernel.request" to listener "Symfony\Component\EventDispatcher\Debug\WrappedListener::__invoke". [] []
[2015-03-19 20:04:42] event.DEBUG: Notified event "kernel.request" to listener "Symfony\Component\EventDispatcher\Debug\WrappedListener::__invoke". [] []
[2015-03-19 20:04:42] event.DEBUG: Notified event "kernel.request" to listener "Symfony\Component\EventDispatcher\Debug\WrappedListener::__invoke". [] []
[2015-03-19 20:04:42] event.DEBUG: Notified event "kernel.request" to listener "Symfony\Component\EventDispatcher\Debug\WrappedListener::__invoke". [] []
[2015-03-19 20:04:42] event.DEBUG: Notified event "kernel.request" to listener "Symfony\Component\EventDispatcher\Debug\WrappedListener::__invoke". [] []
[2015-03-19 20:04:42] event.DEBUG: Notified event "kernel.request" to listener "Symfony\Component\EventDispatcher\Debug\WrappedListener::__invoke". [] []
[2015-03-19 20:04:42] event.DEBUG: Notified event "kernel.request" to listener "Symfony\Component\EventDispatcher\Debug\WrappedListener::__invoke". [] []
[2015-03-19 20:04:43] event.DEBUG: Notified event "kernel.controller" to listener "Acme\DemoBundle\EventListener\ControllerListener::onKernelController". [] []
[2015-03-19 20:04:43] event.DEBUG: Notified event "kernel.controller" to listener "Sensio\Bundle\FrameworkExtraBundle\EventListener\ControllerListener::onKernelController". [] []
[2015-03-19 20:04:43] event.DEBUG: Notified event "kernel.controller" to listener "Sensio\Bundle\FrameworkExtraBundle\EventListener\ParamConverterListener::onKernelController". [] []
[2015-03-19 20:04:43] event.DEBUG: Notified event "kernel.controller" to listener "Sensio\Bundle\FrameworkExtraBundle\EventListener\HttpCacheListener::onKernelController". [] []
[2015-03-19 20:04:43] event.DEBUG: Notified event "kernel.controller" to listener "Sensio\Bundle\FrameworkExtraBundle\EventListener\SecurityListener::onKernelController". [] []
[2015-03-19 20:04:43] event.DEBUG: Notified event "kernel.controller" to listener "Sensio\Bundle\FrameworkExtraBundle\EventListener\TemplateListener::onKernelController". [] []
[2015-03-19 20:04:48] event.DEBUG: Notified event "kernel.response" to listener "Symfony\Component\HttpKernel\EventListener\ResponseListener::onKernelResponse". [] []
[2015-03-19 20:04:48] event.DEBUG: Notified event "kernel.response" to listener "Symfony\Component\Security\Http\RememberMe\ResponseListener::onKernelResponse". [] []
[2015-03-19 20:04:48] event.DEBUG: Notified event "kernel.response" to listener "Sensio\Bundle\FrameworkExtraBundle\EventListener\HttpCacheListener::onKernelResponse". [] []
[2015-03-19 20:04:48] event.DEBUG: Notified event "kernel.response" to listener "Symfony\Component\HttpKernel\EventListener\SaveSessionListener::onKernelResponse". [] []
[2015-03-19 20:04:48] event.DEBUG: Notified event "kernel.response" to listener "Symfony\Component\HttpKernel\EventListener\StreamedResponseListener::onKernelResponse". [] []
[2015-03-19 20:04:48] event.DEBUG: Notified event "kernel.finish_request" to listener "Symfony\Component\HttpKernel\EventListener\LocaleListener::onKernelFinishRequest". [] []
[2015-03-19 20:04:48] event.DEBUG: Notified event "kernel.finish_request" to listener "Symfony\Component\HttpKernel\EventListener\TranslatorListener::onKernelFinishRequest". [] []
[2015-03-19 20:04:48] event.DEBUG: Notified event "kernel.finish_request" to listener "Symfony\Component\HttpKernel\EventListener\RouterListener::onKernelFinishRequest". [] []
[2015-03-19 20:04:48] event.DEBUG: Notified event "kernel.finish_request" to listener "Symfony\Component\Security\Http\Firewall::onKernelFinishRequest". [] []
[2015-03-19 20:04:48] event.DEBUG: Notified event "kernel.exception" to listener "Symfony\Component\HttpKernel\EventListener\ExceptionListener::onKernelException". [] []
[2015-03-19 20:04:48] event.DEBUG: Listener "Symfony\Component\HttpKernel\EventListener\ExceptionListener::onKernelException" stopped propagation of the event "kernel.exception". [] []
[2015-03-19 20:04:48] event.DEBUG: Notified event "kernel.response" to listener "Symfony\Component\HttpKernel\EventListener\ResponseListener::onKernelResponse". [] []
[2015-03-19 20:04:48] event.DEBUG: Notified event "kernel.response" to listener "Symfony\Component\Security\Http\RememberMe\ResponseListener::onKernelResponse". [] []
[2015-03-19 20:04:48] event.DEBUG: Notified event "kernel.response" to listener "Sensio\Bundle\FrameworkExtraBundle\EventListener\HttpCacheListener::onKernelResponse". [] []
[2015-03-19 20:04:48] event.DEBUG: Notified event "kernel.response" to listener "Symfony\Component\HttpKernel\EventListener\SaveSessionListener::onKernelResponse". [] []
[2015-03-19 20:04:48] event.DEBUG: Notified event "kernel.response" to listener "Symfony\Component\HttpKernel\EventListener\StreamedResponseListener::onKernelResponse". [] []
[2015-03-19 20:04:48] event.DEBUG: Notified event "kernel.finish_request" to listener "Symfony\Component\HttpKernel\EventListener\LocaleListener::onKernelFinishRequest". [] []
[2015-03-19 20:04:48] event.DEBUG: Notified event "kernel.finish_request" to listener "Symfony\Component\HttpKernel\EventListener\TranslatorListener::onKernelFinishRequest". [] []
[2015-03-19 20:04:48] event.DEBUG: Notified event "kernel.finish_request" to listener "Symfony\Component\HttpKernel\EventListener\RouterListener::onKernelFinishRequest". [] []
[2015-03-19 20:04:48] event.DEBUG: Notified event "kernel.finish_request" to listener "Symfony\Component\Security\Http\Firewall::onKernelFinishRequest". [] []
[2015-03-19 20:04:48] event.DEBUG: Notified event "kernel.terminate" to listener "Symfony\Bundle\SwiftmailerBundle\EventListener\EmailSenderListener::onTerminate". [] []
[2015-03-19 20:05:17] request.CRITICAL: Uncaught PHP Exception Symfony\Component\Config\Exception\FileLoaderLoadException: "Bundle "SensioDistributionBundle" does not exist or it is not enabled. Maybe you forgot to add it in the registerBundles() method of your AppKernel.php file? in @SensioDistributionBundle/Resources/config/routing/webconfigurator.xml (which is being imported from "C:\wamp\www\idylla\app/config/routing.yml"). Make sure the "SensioDistributionBundle/Resources/config/routing/webconfigurator.xml" bundle is correctly registered and loaded in the application kernel class." at C:\wamp\www\idylla\vendor\symfony\symfony\src\Symfony\Component\Config\Loader\FileLoader.php line 120 {"exception":"[object] (Symfony\\Component\\Config\\Exception\\FileLoaderLoadException(code: 0): Bundle \"SensioDistributionBundle\" does not exist or it is not enabled. Maybe you forgot to add it in the registerBundles() method of your AppKernel.php file? in @SensioDistributionBundle/Resources/config/routing/webconfigurator.xml (which is being imported from \"C:\\wamp\\www\\idylla\\app/config/routing.yml\"). Make sure the \"SensioDistributionBundle/Resources/config/routing/webconfigurator.xml\" bundle is correctly registered and loaded in the application kernel class. at C:\\wamp\\www\\idylla\\vendor\\symfony\\symfony\\src\\Symfony\\Component\\Config\\Loader\\FileLoader.php:120, InvalidArgumentException(code: 0): Bundle \"SensioDistributionBundle\" does not exist or it is not enabled. Maybe you forgot to add it in the registerBundles() method of your AppKernel.php file? at C:\\wamp\\www\\idylla\\app\\bootstrap.php.cache:2399)"} []
[2015-03-19 20:05:17] event.DEBUG: Notified event "kernel.request" to listener "Symfony\Component\EventDispatcher\Debug\WrappedListener::__invoke". [] []
[2015-03-19 20:05:17] event.DEBUG: Notified event "kernel.request" to listener "Symfony\Component\EventDispatcher\Debug\WrappedListener::__invoke". [] []
[2015-03-19 20:05:17] event.DEBUG: Notified event "kernel.request" to listener "Symfony\Component\EventDispatcher\Debug\WrappedListener::__invoke". [] []
[2015-03-19 20:05:17] event.DEBUG: Notified event "kernel.request" to listener "Symfony\Component\EventDispatcher\Debug\WrappedListener::__invoke". [] []
[2015-03-19 20:05:17] event.DEBUG: Notified event "kernel.request" to listener "Symfony\Component\EventDispatcher\Debug\WrappedListener::__invoke". [] []
[2015-03-19 20:05:17] event.DEBUG: Notified event "kernel.request" to listener "Symfony\Component\EventDispatcher\Debug\WrappedListener::__invoke". [] []
[2015-03-19 20:05:17] event.DEBUG: Notified event "kernel.request" to listener "Symfony\Component\EventDispatcher\Debug\WrappedListener::__invoke". [] []
[2015-03-19 20:05:18] event.DEBUG: Notified event "kernel.controller" to listener "Acme\DemoBundle\EventListener\ControllerListener::onKernelController". [] []
[2015-03-19 20:05:18] event.DEBUG: Notified event "kernel.controller" to listener "Sensio\Bundle\FrameworkExtraBundle\EventListener\ControllerListener::onKernelController". [] []
[2015-03-19 20:05:18] event.DEBUG: Notified event "kernel.controller" to listener "Sensio\Bundle\FrameworkExtraBundle\EventListener\ParamConverterListener::onKernelController". [] []
[2015-03-19 20:05:18] event.DEBUG: Notified event "kernel.controller" to listener "Sensio\Bundle\FrameworkExtraBundle\EventListener\HttpCacheListener::onKernelController". [] []
[2015-03-19 20:05:18] event.DEBUG: Notified event "kernel.controller" to listener "Sensio\Bundle\FrameworkExtraBundle\EventListener\SecurityListener::onKernelController". [] []
[2015-03-19 20:05:18] event.DEBUG: Notified event "kernel.controller" to listener "Sensio\Bundle\FrameworkExtraBundle\EventListener\TemplateListener::onKernelController". [] []
[2015-03-19 20:05:22] event.DEBUG: Notified event "kernel.response" to listener "Symfony\Component\HttpKernel\EventListener\ResponseListener::onKernelResponse". [] []
[2015-03-19 20:05:22] event.DEBUG: Notified event "kernel.response" to listener "Symfony\Component\Security\Http\RememberMe\ResponseListener::onKernelResponse". [] []
[2015-03-19 20:05:22] event.DEBUG: Notified event "kernel.response" to listener "Sensio\Bundle\FrameworkExtraBundle\EventListener\HttpCacheListener::onKernelResponse". [] []
[2015-03-19 20:05:22] event.DEBUG: Notified event "kernel.response" to listener "Symfony\Component\HttpKernel\EventListener\SaveSessionListener::onKernelResponse". [] []
[2015-03-19 20:05:22] event.DEBUG: Notified event "kernel.response" to listener "Symfony\Component\HttpKernel\EventListener\StreamedResponseListener::onKernelResponse". [] []
[2015-03-19 20:05:22] event.DEBUG: Notified event "kernel.finish_request" to listener "Symfony\Component\HttpKernel\EventListener\LocaleListener::onKernelFinishRequest". [] []
[2015-03-19 20:05:22] event.DEBUG: Notified event "kernel.finish_request" to listener "Symfony\Component\HttpKernel\EventListener\TranslatorListener::onKernelFinishRequest". [] []
[2015-03-19 20:05:22] event.DEBUG: Notified event "kernel.finish_request" to listener "Symfony\Component\HttpKernel\EventListener\RouterListener::onKernelFinishRequest". [] []
[2015-03-19 20:05:22] event.DEBUG: Notified event "kernel.finish_request" to listener "Symfony\Component\Security\Http\Firewall::onKernelFinishRequest". [] []
[2015-03-19 20:05:22] event.DEBUG: Notified event "kernel.exception" to listener "Symfony\Component\HttpKernel\EventListener\ExceptionListener::onKernelException". [] []
[2015-03-19 20:05:22] event.DEBUG: Listener "Symfony\Component\HttpKernel\EventListener\ExceptionListener::onKernelException" stopped propagation of the event "kernel.exception". [] []
[2015-03-19 20:05:22] event.DEBUG: Notified event "kernel.response" to listener "Symfony\Component\HttpKernel\EventListener\ResponseListener::onKernelResponse". [] []
[2015-03-19 20:05:22] event.DEBUG: Notified event "kernel.response" to listener "Symfony\Component\Security\Http\RememberMe\ResponseListener::onKernelResponse". [] []
[2015-03-19 20:05:22] event.DEBUG: Notified event "kernel.response" to listener "Sensio\Bundle\FrameworkExtraBundle\EventListener\HttpCacheListener::onKernelResponse". [] []
[2015-03-19 20:05:22] event.DEBUG: Notified event "kernel.response" to listener "Symfony\Component\HttpKernel\EventListener\SaveSessionListener::onKernelResponse". [] []
[2015-03-19 20:05:22] event.DEBUG: Notified event "kernel.response" to listener "Symfony\Component\HttpKernel\EventListener\StreamedResponseListener::onKernelResponse". [] []
[2015-03-19 20:05:22] event.DEBUG: Notified event "kernel.finish_request" to listener "Symfony\Component\HttpKernel\EventListener\LocaleListener::onKernelFinishRequest". [] []
[2015-03-19 20:05:22] event.DEBUG: Notified event "kernel.finish_request" to listener "Symfony\Component\HttpKernel\EventListener\TranslatorListener::onKernelFinishRequest". [] []
[2015-03-19 20:05:22] event.DEBUG: Notified event "kernel.finish_request" to listener "Symfony\Component\HttpKernel\EventListener\RouterListener::onKernelFinishRequest". [] []
[2015-03-19 20:05:22] event.DEBUG: Notified event "kernel.finish_request" to listener "Symfony\Component\Security\Http\Firewall::onKernelFinishRequest". [] []
[2015-03-19 20:05:22] event.DEBUG: Notified event "kernel.terminate" to listener "Symfony\Bundle\SwiftmailerBundle\EventListener\EmailSenderListener::onTerminate". [] []
[2015-03-19 20:06:01] request.CRITICAL: Uncaught PHP Exception Symfony\Component\Config\Exception\FileLoaderLoadException: "Bundle "SensioDistributionBundle" does not exist or it is not enabled. Maybe you forgot to add it in the registerBundles() method of your AppKernel.php file? in @SensioDistributionBundle/Resources/config/routing/webconfigurator.xml (which is being imported from "C:\wamp\www\idylla\app/config/routing.yml"). Make sure the "SensioDistributionBundle/Resources/config/routing/webconfigurator.xml" bundle is correctly registered and loaded in the application kernel class." at C:\wamp\www\idylla\vendor\symfony\symfony\src\Symfony\Component\Config\Loader\FileLoader.php line 120 {"exception":"[object] (Symfony\\Component\\Config\\Exception\\FileLoaderLoadException(code: 0): Bundle \"SensioDistributionBundle\" does not exist or it is not enabled. Maybe you forgot to add it in the registerBundles() method of your AppKernel.php file? in @SensioDistributionBundle/Resources/config/routing/webconfigurator.xml (which is being imported from \"C:\\wamp\\www\\idylla\\app/config/routing.yml\"). Make sure the \"SensioDistributionBundle/Resources/config/routing/webconfigurator.xml\" bundle is correctly registered and loaded in the application kernel class. at C:\\wamp\\www\\idylla\\vendor\\symfony\\symfony\\src\\Symfony\\Component\\Config\\Loader\\FileLoader.php:120, InvalidArgumentException(code: 0): Bundle \"SensioDistributionBundle\" does not exist or it is not enabled. Maybe you forgot to add it in the registerBundles() method of your AppKernel.php file? at C:\\wamp\\www\\idylla\\app\\bootstrap.php.cache:2399)"} []
[2015-03-19 20:06:01] event.DEBUG: Notified event "kernel.request" to listener "Symfony\Component\EventDispatcher\Debug\WrappedListener::__invoke". [] []
[2015-03-19 20:06:01] event.DEBUG: Notified event "kernel.request" to listener "Symfony\Component\EventDispatcher\Debug\WrappedListener::__invoke". [] []
[2015-03-19 20:06:01] event.DEBUG: Notified event "kernel.request" to listener "Symfony\Component\EventDispatcher\Debug\WrappedListener::__invoke". [] []
[2015-03-19 20:06:01] event.DEBUG: Notified event "kernel.request" to listener "Symfony\Component\EventDispatcher\Debug\WrappedListener::__invoke". [] []
[2015-03-19 20:06:01] event.DEBUG: Notified event "kernel.request" to listener "Symfony\Component\EventDispatcher\Debug\WrappedListener::__invoke". [] []
[2015-03-19 20:06:01] event.DEBUG: Notified event "kernel.request" to listener "Symfony\Component\EventDispatcher\Debug\WrappedListener::__invoke". [] []
[2015-03-19 20:06:01] event.DEBUG: Notified event "kernel.request" to listener "Symfony\Component\EventDispatcher\Debug\WrappedListener::__invoke". [] []
[2015-03-19 20:06:02] event.DEBUG: Notified event "kernel.controller" to listener "Acme\DemoBundle\EventListener\ControllerListener::onKernelController". [] []
[2015-03-19 20:06:02] event.DEBUG: Notified event "kernel.controller" to listener "Sensio\Bundle\FrameworkExtraBundle\EventListener\ControllerListener::onKernelController". [] []
[2015-03-19 20:06:02] event.DEBUG: Notified event "kernel.controller" to listener "Sensio\Bundle\FrameworkExtraBundle\EventListener\ParamConverterListener::onKernelController". [] []
[2015-03-19 20:06:02] event.DEBUG: Notified event "kernel.controller" to listener "Sensio\Bundle\FrameworkExtraBundle\EventListener\HttpCacheListener::onKernelController". [] []
[2015-03-19 20:06:02] event.DEBUG: Notified event "kernel.controller" to listener "Sensio\Bundle\FrameworkExtraBundle\EventListener\SecurityListener::onKernelController". [] []
[2015-03-19 20:06:02] event.DEBUG: Notified event "kernel.controller" to listener "Sensio\Bundle\FrameworkExtraBundle\EventListener\TemplateListener::onKernelController". [] []
[2015-03-19 20:06:05] event.DEBUG: Notified event "kernel.response" to listener "Symfony\Component\HttpKernel\EventListener\ResponseListener::onKernelResponse". [] []
[2015-03-19 20:06:05] event.DEBUG: Notified event "kernel.response" to listener "Symfony\Component\Security\Http\RememberMe\ResponseListener::onKernelResponse". [] []
[2015-03-19 20:06:05] event.DEBUG: Notified event "kernel.response" to listener "Sensio\Bundle\FrameworkExtraBundle\EventListener\HttpCacheListener::onKernelResponse". [] []
[2015-03-19 20:06:05] event.DEBUG: Notified event "kernel.response" to listener "Symfony\Component\HttpKernel\EventListener\SaveSessionListener::onKernelResponse". [] []
[2015-03-19 20:06:05] event.DEBUG: Notified event "kernel.response" to listener "Symfony\Component\HttpKernel\EventListener\StreamedResponseListener::onKernelResponse". [] []
[2015-03-19 20:06:05] event.DEBUG: Notified event "kernel.finish_request" to listener "Symfony\Component\HttpKernel\EventListener\LocaleListener::onKernelFinishRequest". [] []
[2015-03-19 20:06:05] event.DEBUG: Notified event "kernel.finish_request" to listener "Symfony\Component\HttpKernel\EventListener\TranslatorListener::onKernelFinishRequest". [] []
[2015-03-19 20:06:05] event.DEBUG: Notified event "kernel.finish_request" to listener "Symfony\Component\HttpKernel\EventListener\RouterListener::onKernelFinishRequest". [] []
[2015-03-19 20:06:05] event.DEBUG: Notified event "kernel.finish_request" to listener "Symfony\Component\Security\Http\Firewall::onKernelFinishRequest". [] []
[2015-03-19 20:06:05] event.DEBUG: Notified event "kernel.exception" to listener "Symfony\Component\HttpKernel\EventListener\ExceptionListener::onKernelException". [] []
[2015-03-19 20:06:05] event.DEBUG: Listener "Symfony\Component\HttpKernel\EventListener\ExceptionListener::onKernelException" stopped propagation of the event "kernel.exception". [] []
[2015-03-19 20:06:05] event.DEBUG: Notified event "kernel.response" to listener "Symfony\Component\HttpKernel\EventListener\ResponseListener::onKernelResponse". [] []
[2015-03-19 20:06:05] event.DEBUG: Notified event "kernel.response" to listener "Symfony\Component\Security\Http\RememberMe\ResponseListener::onKernelResponse". [] []
[2015-03-19 20:06:05] event.DEBUG: Notified event "kernel.response" to listener "Sensio\Bundle\FrameworkExtraBundle\EventListener\HttpCacheListener::onKernelResponse". [] []
[2015-03-19 20:06:05] event.DEBUG: Notified event "kernel.response" to listener "Symfony\Component\HttpKernel\EventListener\SaveSessionListener::onKernelResponse". [] []
[2015-03-19 20:06:05] event.DEBUG: Notified event "kernel.response" to listener "Symfony\Component\HttpKernel\EventListener\StreamedResponseListener::onKernelResponse". [] []
[2015-03-19 20:06:05] event.DEBUG: Notified event "kernel.finish_request" to listener "Symfony\Component\HttpKernel\EventListener\LocaleListener::onKernelFinishRequest". [] []
[2015-03-19 20:06:05] event.DEBUG: Notified event "kernel.finish_request" to listener "Symfony\Component\HttpKernel\EventListener\TranslatorListener::onKernelFinishRequest". [] []
[2015-03-19 20:06:05] event.DEBUG: Notified event "kernel.finish_request" to listener "Symfony\Component\HttpKernel\EventListener\RouterListener::onKernelFinishRequest". [] []
[2015-03-19 20:06:05] event.DEBUG: Notified event "kernel.finish_request" to listener "Symfony\Component\Security\Http\Firewall::onKernelFinishRequest". [] []
[2015-03-19 20:06:05] event.DEBUG: Notified event "kernel.terminate" to listener "Symfony\Bundle\SwiftmailerBundle\EventListener\EmailSenderListener::onTerminate". [] []
[2015-03-19 20:09:44] request.ERROR: Uncaught PHP Exception Symfony\Component\HttpKernel\Exception\NotFoundHttpException: "No route found for "GET /"" at C:\wamp\www\idylla\app\cache\prod\classes.php line 2420 {"exception":"[object] (Symfony\\Component\\HttpKernel\\Exception\\NotFoundHttpException(code: 0): No route found for \"GET /\" at C:\\wamp\\www\\idylla\\app\\cache\\prod\\classes.php:2420, Symfony\\Component\\Routing\\Exception\\ResourceNotFoundException(code: 0):  at C:\\wamp\\www\\idylla\\app\\cache\\prod\\appProdUrlMatcher.php:35)"} []
[2015-03-19 20:09:44] event.DEBUG: Notified event "kernel.request" to listener "Symfony\Component\EventDispatcher\Debug\WrappedListener::__invoke". [] []
[2015-03-19 20:09:44] event.DEBUG: Notified event "kernel.request" to listener "Symfony\Component\EventDispatcher\Debug\WrappedListener::__invoke". [] []
[2015-03-19 20:09:44] event.DEBUG: Notified event "kernel.request" to listener "Symfony\Component\EventDispatcher\Debug\WrappedListener::__invoke". [] []
[2015-03-19 20:09:44] event.DEBUG: Notified event "kernel.request" to listener "Symfony\Component\EventDispatcher\Debug\WrappedListener::__invoke". [] []
[2015-03-19 20:09:44] event.DEBUG: Notified event "kernel.request" to listener "Symfony\Component\EventDispatcher\Debug\WrappedListener::__invoke". [] []
[2015-03-19 20:09:44] event.DEBUG: Notified event "kernel.request" to listener "Symfony\Component\EventDispatcher\Debug\WrappedListener::__invoke". [] []
[2015-03-19 20:09:44] event.DEBUG: Notified event "kernel.request" to listener "Symfony\Component\EventDispatcher\Debug\WrappedListener::__invoke". [] []
[2015-03-19 20:09:45] event.DEBUG: Notified event "kernel.controller" to listener "Acme\DemoBundle\EventListener\ControllerListener::onKernelController". [] []
[2015-03-19 20:09:45] event.DEBUG: Notified event "kernel.controller" to listener "Sensio\Bundle\FrameworkExtraBundle\EventListener\ControllerListener::onKernelController". [] []
[2015-03-19 20:09:45] event.DEBUG: Notified event "kernel.controller" to listener "Sensio\Bundle\FrameworkExtraBundle\EventListener\ParamConverterListener::onKernelController". [] []
[2015-03-19 20:09:45] event.DEBUG: Notified event "kernel.controller" to listener "Sensio\Bundle\FrameworkExtraBundle\EventListener\HttpCacheListener::onKernelController". [] []
[2015-03-19 20:09:45] event.DEBUG: Notified event "kernel.controller" to listener "Sensio\Bundle\FrameworkExtraBundle\EventListener\SecurityListener::onKernelController". [] []
[2015-03-19 20:09:45] event.DEBUG: Notified event "kernel.controller" to listener "Sensio\Bundle\FrameworkExtraBundle\EventListener\TemplateListener::onKernelController". [] []
[2015-03-19 20:09:48] event.DEBUG: Notified event "kernel.response" to listener "Symfony\Component\HttpKernel\EventListener\ResponseListener::onKernelResponse". [] []
[2015-03-19 20:09:48] event.DEBUG: Notified event "kernel.response" to listener "Symfony\Component\Security\Http\RememberMe\ResponseListener::onKernelResponse". [] []
[2015-03-19 20:09:48] event.DEBUG: Notified event "kernel.response" to listener "Sensio\Bundle\FrameworkExtraBundle\EventListener\HttpCacheListener::onKernelResponse". [] []
[2015-03-19 20:09:48] event.DEBUG: Notified event "kernel.response" to listener "Symfony\Component\HttpKernel\EventListener\SaveSessionListener::onKernelResponse". [] []
[2015-03-19 20:09:48] event.DEBUG: Notified event "kernel.response" to listener "Symfony\Component\HttpKernel\EventListener\StreamedResponseListener::onKernelResponse". [] []
[2015-03-19 20:09:48] event.DEBUG: Notified event "kernel.finish_request" to listener "Symfony\Component\HttpKernel\EventListener\LocaleListener::onKernelFinishRequest". [] []
[2015-03-19 20:09:48] event.DEBUG: Notified event "kernel.finish_request" to listener "Symfony\Component\HttpKernel\EventListener\TranslatorListener::onKernelFinishRequest". [] []
[2015-03-19 20:09:48] event.DEBUG: Notified event "kernel.finish_request" to listener "Symfony\Component\HttpKernel\EventListener\RouterListener::onKernelFinishRequest". [] []
[2015-03-19 20:09:48] event.DEBUG: Notified event "kernel.finish_request" to listener "Symfony\Component\Security\Http\Firewall::onKernelFinishRequest". [] []
[2015-03-19 20:09:48] event.DEBUG: Notified event "kernel.exception" to listener "Symfony\Component\HttpKernel\EventListener\ExceptionListener::onKernelException". [] []
[2015-03-19 20:09:48] event.DEBUG: Listener "Symfony\Component\HttpKernel\EventListener\ExceptionListener::onKernelException" stopped propagation of the event "kernel.exception". [] []
[2015-03-19 20:09:48] event.DEBUG: Notified event "kernel.response" to listener "Symfony\Component\HttpKernel\EventListener\ResponseListener::onKernelResponse". [] []
[2015-03-19 20:09:48] event.DEBUG: Notified event "kernel.response" to listener "Symfony\Component\Security\Http\RememberMe\ResponseListener::onKernelResponse". [] []
[2015-03-19 20:09:48] event.DEBUG: Notified event "kernel.response" to listener "Sensio\Bundle\FrameworkExtraBundle\EventListener\HttpCacheListener::onKernelResponse". [] []
[2015-03-19 20:09:48] event.DEBUG: Notified event "kernel.response" to listener "Symfony\Component\HttpKernel\EventListener\SaveSessionListener::onKernelResponse". [] []
[2015-03-19 20:09:48] event.DEBUG: Notified event "kernel.response" to listener "Symfony\Component\HttpKernel\EventListener\StreamedResponseListener::onKernelResponse". [] []
[2015-03-19 20:09:48] event.DEBUG: Notified event "kernel.finish_request" to listener "Symfony\Component\HttpKernel\EventListener\LocaleListener::onKernelFinishRequest". [] []
[2015-03-19 20:09:48] event.DEBUG: Notified event "kernel.finish_request" to listener "Symfony\Component\HttpKernel\EventListener\TranslatorListener::onKernelFinishRequest". [] []
[2015-03-19 20:09:48] event.DEBUG: Notified event "kernel.finish_request" to listener "Symfony\Component\HttpKernel\EventListener\RouterListener::onKernelFinishRequest". [] []
[2015-03-19 20:09:48] event.DEBUG: Notified event "kernel.finish_request" to listener "Symfony\Component\Security\Http\Firewall::onKernelFinishRequest". [] []
[2015-03-19 20:09:48] event.DEBUG: Notified event "kernel.terminate" to listener "Symfony\Bundle\SwiftmailerBundle\EventListener\EmailSenderListener::onTerminate". [] []
